<?xml version="1.0" encoding="UTF-8"?>
<!-- Generated by org.testng.reporters.JUnitReportReporter -->
<testsuite hostname="SUGRAMAL-EGE3J" name="com.cisco.cpnr.diana.testmaven.AppTest" tests="1" failures="0" timestamp="5 Apr 2017 07:08:52 GMT" time="0.015" errors="0">
  <testcase name="test" time="0.015" classname="com.cisco.cpnr.diana.testmaven.AppTest"/>
</testsuite> <!-- com.cisco.cpnr.diana.testmaven.AppTest -->
